<?xml version="1.0" encoding="UTF-8"?>
<!-- Generated by org.testng.reporters.JUnitXMLReporter -->
<testsuite hostname="ROHITSOO01" ignored="3" name="Regression3" tests="2" failures="0" timestamp="10 Feb 2019 18:08:55 GMT" time="153.636" errors="0">
  <testcase name="tc02" time="45.04" classname="TestNG_Test.SanityTest"/>
  <testcase name="tc01" time="51.4" classname="TestNG_Test.SmokeTest"/>
  <testcase name="tc03" time="0.0" classname="TestNG_Test.SmokeTest">
    <ignored/>
  </testcase> <!-- tc03 -->
  <testcase name="tc02" time="0.0" classname="TestNG_Test.SmokeTest">
    <ignored/>
  </testcase> <!-- tc02 -->
  <testcase name="tc03" time="0.0" classname="TestNG_Test.SanityTest">
    <ignored/>
  </testcase> <!-- tc03 -->
</testsuite> <!-- Regression3 -->
