<?xml version="1.0" encoding="UTF-8"?>
<!-- Generated by org.testng.reporters.JUnitXMLReporter -->
<testsuite hostname="ROHITSOO01" ignored="1" name="Regression" tests="1" failures="1" timestamp="10 Feb 2019 03:05:01 GMT" time="0.087" errors="0">
  <testcase name="tc02" time="0.024" classname="TestNG_Test.SanityTest">
    <failure type="java.lang.NullPointerException">
      <![CDATA[java.lang.NullPointerException
at TestNG_Test.SanityTest.tc02(SanityTest.java:23)
... Removed 25 stack frames]]>
    </failure>
  </testcase> <!-- tc02 -->
  <testcase name="tc03" time="0.0" classname="TestNG_Test.SanityTest">
    <ignored/>
  </testcase> <!-- tc03 -->
</testsuite> <!-- Regression -->
