<?xml version="1.0" encoding="UTF-8"?>
<!-- Generated by org.testng.reporters.JUnitXMLReporter -->
<testsuite hostname="ROHITSOO01" ignored="2" name="Regression2" tests="1" failures="0" timestamp="14 Feb 2019 02:14:05 GMT" time="60.201" errors="0">
  <testcase name="tc01" time="38.04" classname="TestNG_Test.SmokeTest"/>
  <testcase name="tc03" time="0.0" classname="TestNG_Test.SmokeTest">
    <ignored/>
  </testcase> <!-- tc03 -->
  <testcase name="tc02" time="0.0" classname="TestNG_Test.SmokeTest">
    <ignored/>
  </testcase> <!-- tc02 -->
</testsuite> <!-- Regression2 -->
