<?xml version="1.0" encoding="UTF-8"?>
<!-- Generated by org.testng.reporters.JUnitXMLReporter -->
<testsuite hostname="ROHITSOO01" ignored="0" name="Regression" tests="4" failures="0" timestamp="31 Jan 2019 04:25:09 GMT" time="170.048" errors="0">
  <testcase name="tc01" time="17.271" classname="TestNG_Test.SmokeTest"/>
  <testcase name="tc02" time="18.152" classname="TestNG_Test.SmokeTest"/>
  <testcase name="tc03" time="18.255" classname="TestNG_Test.SmokeTest"/>
  <testcase name="tc04" time="18.026" classname="TestNG_Test.SanityTest"/>
</testsuite> <!-- Regression -->
