<?xml version="1.0" encoding="UTF-8"?>
<!-- Generated by org.testng.reporters.JUnitXMLReporter -->
<testsuite hostname="ROHITSOO01" ignored="1" name="Test1" tests="1" failures="1" timestamp="10 Feb 2019 03:13:35 GMT" time="0.053" errors="0">
  <testcase name="tc03" time="0.014" classname="TestNG_Test.SanityTest">
    <failure type="java.lang.NullPointerException">
      <![CDATA[java.lang.NullPointerException
at TestNG_Test.SanityTest.tc03(SanityTest.java:51)
... Removed 25 stack frames]]>
    </failure>
  </testcase> <!-- tc03 -->
  <testcase name="tc02" time="0.0" classname="TestNG_Test.SanityTest">
    <ignored/>
  </testcase> <!-- tc02 -->
</testsuite> <!-- Test1 -->
