<?xml version="1.0" encoding="UTF-8"?>
<!-- Generated by org.testng.reporters.JUnitXMLReporter -->
<testsuite hostname="ROHITSOO01" ignored="2" name="Default test" tests="1" failures="0" timestamp="03 Feb 2019 01:58:10 GMT" time="317.403" errors="0">
  <testcase name="tc01" time="298.624" classname="TestNG_Test.SmokeTest"/>
  <testcase name="tc03" time="0.0" classname="TestNG_Test.SmokeTest">
    <ignored/>
  </testcase> <!-- tc03 -->
  <testcase name="tc02" time="0.0" classname="TestNG_Test.SmokeTest">
    <ignored/>
  </testcase> <!-- tc02 -->
</testsuite> <!-- Default test -->
