<?xml version="1.0" encoding="UTF-8"?>
<testng-results skipped="0" failed="0" total="1" passed="1">
  <reporter-output>
    <line>
      <![CDATA[About to begin executing Test Regression2]]>
    </line>
    <line>
      <![CDATA[Test Case Passed tc01]]>
    </line>
    <line>
      <![CDATA[Completed executing test Regression2]]>
    </line>
  </reporter-output>
  <suite name="Suite1" duration-ms="60399" started-at="2019-02-13T22:30:49Z" finished-at="2019-02-13T22:31:49Z">
    <groups>
      <group name="functest">
        <method signature="SmokeTest.tc01()[pri:1, instance:TestNG_Test.SmokeTest@246ae04d]" name="tc01" class="TestNG_Test.SmokeTest"/>
      </group>
    </groups>
    <test name="Regression2" duration-ms="60399" started-at="2019-02-13T22:30:49Z" finished-at="2019-02-13T22:31:49Z">
      <class name="TestNG_Test.SmokeTest">
        <test-method status="PASS" signature="setupsuite()[pri:0, instance:TestNG_Test.SmokeTest@246ae04d]" name="setupsuite" is-config="true" duration-ms="379" started-at="2019-02-13T22:30:49Z" finished-at="2019-02-13T22:30:49Z">
        </test-method>
        <test-method status="PASS" signature="beforemethod(java.lang.reflect.Method)[pri:0, instance:TestNG_Test.SmokeTest@246ae04d]" name="beforemethod" is-config="true" duration-ms="20912" started-at="2019-02-13T22:30:49Z" finished-at="2019-02-13T22:31:10Z">
          <params>
            <param index="0">
              <value>
                <![CDATA[public void TestNG_Test.SmokeTest.tc01() throws java.lang.InterruptedException]]>
              </value>
            </param>
          </params>
        </test-method>
        <test-method status="PASS" signature="tc01()[pri:1, instance:TestNG_Test.SmokeTest@246ae04d]" name="tc01" duration-ms="34944" started-at="2019-02-13T22:31:10Z" finished-at="2019-02-13T22:31:45Z">
        </test-method>
        <test-method status="PASS" signature="teardown(org.testng.ITestResult)[pri:0, instance:TestNG_Test.SmokeTest@246ae04d]" name="teardown" is-config="true" duration-ms="4526" started-at="2019-02-13T22:31:45Z" finished-at="2019-02-13T22:31:49Z">
          <params>
            <param index="0">
              <value>
                <![CDATA[[TestResult: tc01 STATUS:SUCCESS METHOD:SmokeTest.tc01()[pri:1, instance:TestNG_Test.SmokeTest@246ae04d]]
]]>
              </value>
            </param>
          </params>
        </test-method>
        <test-method status="PASS" signature="teardownsuite()[pri:0, instance:TestNG_Test.SmokeTest@246ae04d]" name="teardownsuite" is-config="true" duration-ms="683" started-at="2019-02-13T22:31:49Z" finished-at="2019-02-13T22:31:50Z">
        </test-method>
      </class>
    </test>
  </suite>
</testng-results>
