<?xml version="1.0" encoding="UTF-8"?>
<testng-results skipped="0" failed="0" ignored="2" total="3" passed="1">
  <reporter-output>
    <line>
      <![CDATA[About to begin executing Test Regression2]]>
    </line>
    <line>
      <![CDATA[Test Case Passed tc01]]>
    </line>
  </reporter-output>
  <suite name="Suite1" duration-ms="60201" started-at="2019-02-14T02:13:05Z" finished-at="2019-02-14T02:14:05Z">
    <groups>
      <group name="functest">
        <method signature="SmokeTest.tc01()[pri:1, instance:TestNG_Test.SmokeTest@5f3a4b84]" name="tc01" class="TestNG_Test.SmokeTest"/>
      </group> <!-- functest -->
    </groups>
    <test name="Regression2" duration-ms="60201" started-at="2019-02-14T02:13:05Z" finished-at="2019-02-14T02:14:05Z">
      <class name="TestNG_Test.SmokeTest">
        <test-method status="PASS" signature="setupsuite()[pri:0, instance:TestNG_Test.SmokeTest@5f3a4b84]" name="setupsuite" is-config="true" duration-ms="512" started-at="2019-02-14T02:13:04Z" finished-at="2019-02-14T02:13:05Z">
          <reporter-output>
          </reporter-output>
        </test-method> <!-- setupsuite -->
        <test-method status="PASS" signature="beforemethod(java.lang.reflect.Method)[pri:0, instance:TestNG_Test.SmokeTest@5f3a4b84]" name="beforemethod" is-config="true" duration-ms="19023" started-at="2019-02-14T02:13:05Z" finished-at="2019-02-14T02:13:24Z">
          <params>
            <param index="0">
              <value>
                <![CDATA[public void TestNG_Test.SmokeTest.tc01() throws java.lang.InterruptedException]]>
              </value>
            </param>
          </params>
          <reporter-output>
          </reporter-output>
        </test-method> <!-- beforemethod -->
        <test-method status="PASS" signature="tc01()[pri:1, instance:TestNG_Test.SmokeTest@5f3a4b84]" name="tc01" duration-ms="38040" started-at="2019-02-14T02:13:24Z" finished-at="2019-02-14T02:14:02Z">
          <reporter-output>
            <line>
              <![CDATA[Test Case Passed tc01]]>
            </line>
          </reporter-output>
        </test-method> <!-- tc01 -->
        <test-method status="PASS" signature="teardown(org.testng.ITestResult)[pri:0, instance:TestNG_Test.SmokeTest@5f3a4b84]" name="teardown" is-config="true" duration-ms="3099" started-at="2019-02-14T02:14:02Z" finished-at="2019-02-14T02:14:05Z">
          <params>
            <param index="0">
              <value>
                <![CDATA[[TestResult name=tc01 status=SUCCESS method=SmokeTest.tc01()[pri:1, instance:TestNG_Test.SmokeTest@5f3a4b84] output=Test Case Passed tc01]]]>
              </value>
            </param>
          </params>
          <reporter-output>
          </reporter-output>
        </test-method> <!-- teardown -->
        <test-method status="PASS" signature="teardownsuite()[pri:0, instance:TestNG_Test.SmokeTest@5f3a4b84]" name="teardownsuite" is-config="true" duration-ms="555" started-at="2019-02-14T02:14:05Z" finished-at="2019-02-14T02:14:05Z">
          <reporter-output>
          </reporter-output>
        </test-method> <!-- teardownsuite -->
      </class> <!-- TestNG_Test.SmokeTest -->
    </test> <!-- Regression2 -->
  </suite> <!-- Suite1 -->
</testng-results>
